-------------------------------------------------------------------------------
Test set: com.javacodegeeks.examples.junitmavenexample.CalculatorTest
-------------------------------------------------------------------------------
Tests run: 5, Failures: 1, Errors: 0, Skipped: 0, Time elapsed: 0.024 s <<< FAILURE! - in com.javacodegeeks.examples.junitmavenexample.CalculatorTest
testEqual(com.javacodegeeks.examples.junitmavenexample.CalculatorTest)  Time elapsed: 0.002 s  <<< FAILURE!
java.lang.AssertionError
	at com.javacodegeeks.examples.junitmavenexample.CalculatorTest.testEqual(CalculatorTest.java:60)

